  Main.cpp
C:\opencv\build\install\include\opencv2/core/mat.hpp(1965): warning C4819: The file contains a character that cannot be represented in the current code page (950). Save the file in Unicode format to prevent data loss
C:\opencv\build\install\include\opencv2/core/persistence.hpp : warning C4819: The file contains a character that cannot be represented in the current code page (950). Save the file in Unicode format to prevent data loss
C:\opencv\build\install\include\opencv2/core/utility.hpp : warning C4819: The file contains a character that cannot be represented in the current code page (950). Save the file in Unicode format to prevent data loss
C:\opencv\build\install\include\opencv2/core/utility.hpp : warning C4819: The file contains a character that cannot be represented in the current code page (950). Save the file in Unicode format to prevent data loss
c:\users\asus\documents\visual studio 2015\projects\strokemodelconstruction\strokemodelconstruction\Helper.h(75): warning C4267: 'initializing': conversion from 'size_t' to 'int', possible loss of data
c:\users\asus\documents\visual studio 2015\projects\strokemodelconstruction\strokemodelconstruction\Helper.h(76): warning C4267: 'argument': conversion from 'size_t' to 'int', possible loss of data
c:\users\asus\documents\visual studio 2015\projects\strokemodelconstruction\strokemodelconstruction\Helper.h(79): warning C4267: 'argument': conversion from 'size_t' to 'int', possible loss of data
c:\users\asus\documents\visual studio 2015\projects\strokemodelconstruction\strokemodelconstruction\Helper.h(83): warning C4267: 'argument': conversion from 'size_t' to 'int', possible loss of data
c:\users\asus\documents\visual studio 2015\projects\strokemodelconstruction\strokemodelconstruction\Helper.h(87): warning C4267: 'argument': conversion from 'size_t' to 'int', possible loss of data
c:\users\asus\documents\visual studio 2015\projects\strokemodelconstruction\strokemodelconstruction\Helper.h(91): warning C4267: 'argument': conversion from 'size_t' to 'int', possible loss of data
c:\users\asus\documents\visual studio 2015\projects\strokemodelconstruction\strokemodelconstruction\Helper.h(95): warning C4267: 'argument': conversion from 'size_t' to 'int', possible loss of data
c:\users\asus\documents\visual studio 2015\projects\strokemodelconstruction\strokemodelconstruction\Helper.h(99): warning C4267: 'argument': conversion from 'size_t' to 'int', possible loss of data
c:\users\asus\documents\visual studio 2015\projects\strokemodelconstruction\strokemodelconstruction\Helper.h(104): warning C4267: 'argument': conversion from 'size_t' to 'int', possible loss of data
c:\users\asus\documents\visual studio 2015\projects\strokemodelconstruction\strokemodelconstruction\Helper.h(139): warning C4267: 'argument': conversion from 'size_t' to 'int', possible loss of data
c:\users\asus\documents\visual studio 2015\projects\strokemodelconstruction\strokemodelconstruction\Helper.h(142): warning C4267: 'argument': conversion from 'size_t' to 'int', possible loss of data
c:\users\asus\documents\visual studio 2015\projects\strokemodelconstruction\strokemodelconstruction\Helper.h(147): warning C4267: 'argument': conversion from 'size_t' to 'int', possible loss of data
c:\users\asus\documents\visual studio 2015\projects\strokemodelconstruction\strokemodelconstruction\Helper.h(150): warning C4267: 'argument': conversion from 'size_t' to 'int', possible loss of data
c:\users\asus\documents\visual studio 2015\projects\strokemodelconstruction\strokemodelconstruction\Helper.h(154): warning C4267: 'argument': conversion from 'size_t' to 'int', possible loss of data
c:\users\asus\documents\visual studio 2015\projects\strokemodelconstruction\strokemodelconstruction\Helper.h(158): warning C4267: 'argument': conversion from 'size_t' to 'int', possible loss of data
c:\users\asus\documents\visual studio 2015\projects\strokemodelconstruction\strokemodelconstruction\Helper.h(162): warning C4267: 'argument': conversion from 'size_t' to 'int', possible loss of data
c:\users\asus\documents\visual studio 2015\projects\strokemodelconstruction\strokemodelconstruction\Helper.h(166): warning C4267: 'argument': conversion from 'size_t' to 'int', possible loss of data
c:\users\asus\documents\visual studio 2015\projects\strokemodelconstruction\strokemodelconstruction\Helper.h(170): warning C4267: 'argument': conversion from 'size_t' to 'int', possible loss of data
c:\users\asus\documents\visual studio 2015\projects\strokemodelconstruction\strokemodelconstruction\Helper.h(199): warning C4267: 'argument': conversion from 'size_t' to 'int', possible loss of data
c:\users\asus\documents\visual studio 2015\projects\strokemodelconstruction\strokemodelconstruction\Helper.h(202): warning C4267: 'argument': conversion from 'size_t' to 'int', possible loss of data
c:\users\asus\documents\visual studio 2015\projects\strokemodelconstruction\strokemodelconstruction\Helper.h(208): warning C4267: 'argument': conversion from 'size_t' to 'int', possible loss of data
c:\users\asus\documents\visual studio 2015\projects\strokemodelconstruction\strokemodelconstruction\Helper.h(208): warning C4244: 'initializing': conversion from 'float' to 'int', possible loss of data
  Generating code
  1 of 695 functions ( 0.1%) were compiled, the rest were copied from previous compilation.
    0 functions were new in current compilation
    24 functions had inline decision re-evaluated but remain unchanged
  Finished generating code
  StrokeModelConstruction.vcxproj -> c:\users\asus\documents\visual studio 2015\Projects\StrokeModelConstruction\x64\Release\StrokeModelConstruction.exe
  StrokeModelConstruction.vcxproj -> c:\users\asus\documents\visual studio 2015\Projects\StrokeModelConstruction\x64\Release\StrokeModelConstruction.pdb (Full PDB)
